<?xml version="1.0" encoding="UTF-8"?>
<!-- Generated by org.testng.reporters.JUnitXMLReporter -->
<testsuite ignored="0" hostname="DESKTOP-75SCK3T" failures="1" tests="1" name="Test" time="13.547" errors="0" timestamp="2021-05-24T07:48:25 IST">
  <testcase classname="com.demowebshop.testScripts.HomeTest" name="verifyHomePageTitle" time="0.052">
    <failure type="java.lang.AssertionError" message="Invalid home page title expected [Demo Web Shop1] but found [Demo Web Shop]">
      <![CDATA[java.lang.AssertionError: Invalid home page title expected [Demo Web Shop1] but found [Demo Web Shop]
at com.demowebshop.testScripts.HomeTest.verifyHomePageTitle(HomeTest.java:17)
at java.base/java.util.ArrayList.forEach(ArrayList.java:1510)
... Removed 32 stack frames]]>
    </failure>
  </testcase> <!-- verifyHomePageTitle -->
</testsuite> <!-- Test -->
